Determining if the pthread_create exist failed with the following output:
Change Dir: /home/umashankarmedasetti/dissertation/build/CMakeFiles/CMakeTmp

Run Build Command:"/usr/bin/make" "cmTC_ae3bd/fast"
/usr/bin/make -f CMakeFiles/cmTC_ae3bd.dir/build.make CMakeFiles/cmTC_ae3bd.dir/build
make[1]: Entering directory '/home/umashankarmedasetti/dissertation/build/CMakeFiles/CMakeTmp'
Building C object CMakeFiles/cmTC_ae3bd.dir/CheckSymbolExists.c.o
/usr/bin/cc    -o CMakeFiles/cmTC_ae3bd.dir/CheckSymbolExists.c.o   -c /home/umashankarmedasetti/dissertation/build/CMakeFiles/CMakeTmp/CheckSymbolExists.c
Linking C executable cmTC_ae3bd
/usr/bin/cmake -E cmake_link_script CMakeFiles/cmTC_ae3bd.dir/link.txt --verbose=1
/usr/bin/cc      -rdynamic CMakeFiles/cmTC_ae3bd.dir/CheckSymbolExists.c.o  -o cmTC_ae3bd 
CMakeFiles/cmTC_ae3bd.dir/CheckSymbolExists.c.o: In function `main':
CheckSymbolExists.c:(.text+0x1b): undefined reference to `pthread_create'
collect2: error: ld returned 1 exit status
CMakeFiles/cmTC_ae3bd.dir/build.make:97: recipe for target 'cmTC_ae3bd' failed
make[1]: *** [cmTC_ae3bd] Error 1
make[1]: Leaving directory '/home/umashankarmedasetti/dissertation/build/CMakeFiles/CMakeTmp'
Makefile:126: recipe for target 'cmTC_ae3bd/fast' failed
make: *** [cmTC_ae3bd/fast] Error 2

File /home/umashankarmedasetti/dissertation/build/CMakeFiles/CMakeTmp/CheckSymbolExists.c:
/* */
#include <pthread.h>

int main(int argc, char** argv)
{
  (void)argv;
#ifndef pthread_create
  return ((int*)(&pthread_create))[argc];
#else
  (void)argc;
  return 0;
#endif
}

Determining if the function pthread_create exists in the pthreads failed with the following output:
Change Dir: /home/umashankarmedasetti/dissertation/build/CMakeFiles/CMakeTmp

Run Build Command:"/usr/bin/make" "cmTC_58a7b/fast"
/usr/bin/make -f CMakeFiles/cmTC_58a7b.dir/build.make CMakeFiles/cmTC_58a7b.dir/build
make[1]: Entering directory '/home/umashankarmedasetti/dissertation/build/CMakeFiles/CMakeTmp'
Building C object CMakeFiles/cmTC_58a7b.dir/CheckFunctionExists.c.o
/usr/bin/cc   -DCHECK_FUNCTION_EXISTS=pthread_create   -o CMakeFiles/cmTC_58a7b.dir/CheckFunctionExists.c.o   -c /usr/share/cmake-3.10/Modules/CheckFunctionExists.c
Linking C executable cmTC_58a7b
/usr/bin/cmake -E cmake_link_script CMakeFiles/cmTC_58a7b.dir/link.txt --verbose=1
/usr/bin/cc  -DCHECK_FUNCTION_EXISTS=pthread_create    -rdynamic CMakeFiles/cmTC_58a7b.dir/CheckFunctionExists.c.o  -o cmTC_58a7b -lpthreads 
/usr/bin/ld: cannot find -lpthreads
collect2: error: ld returned 1 exit status
CMakeFiles/cmTC_58a7b.dir/build.make:97: recipe for target 'cmTC_58a7b' failed
make[1]: *** [cmTC_58a7b] Error 1
make[1]: Leaving directory '/home/umashankarmedasetti/dissertation/build/CMakeFiles/CMakeTmp'
Makefile:126: recipe for target 'cmTC_58a7b/fast' failed
make: *** [cmTC_58a7b/fast] Error 2


